<?xml version="1.0" encoding="UTF-8"?>
<testsuite xmlns:xsi="http://www.w3.org/2001/XMLSchema-instance" xsi:noNamespaceSchemaLocation="https://maven.apache.org/surefire/maven-surefire-plugin/xsd/surefire-test-report.xsd" name="TestSuite" time="162.044" tests="29" errors="0" skipped="0" failures="0">
  <properties>
[...]
</properties>
  <testcase name="testNullCannotBePassedAsCondition" classname="tests.waitings.WaitForTests" time="0.006"/>
  <testcase name="testShouldThrowException" classname="tests.waitings.WaitForTests" time="0.01"/>
  <testcase name="testShouldThrowException" classname="tests.waitings.WaitForTests" time="0"/>
  <testcase name="testShouldThrowException" classname="tests.waitings.WaitForTests" time="0"/>
  <testcase name="testShouldThrowException" classname="tests.waitings.WaitForTests" time="0"/>
  <testcase name="testShouldThrowException" classname="tests.waitings.WaitForTests" time="0.003"/>
  <testcase name="testShouldThrowException" classname="tests.waitings.WaitForTests" time="0"/>
  <testcase name="testShouldThrowException" classname="tests.waitings.WaitForTests" time="0"/>
  <testcase name="testShouldThrowException" classname="tests.waitings.WaitForTests" time="0"/>
  <testcase name="testTrueShouldBeReturnedIfConditionIsMetAndTimeoutIsNotOver" classname="tests.waitings.WaitForTests" time="0.004"/>
  <testcase name="testTrueShouldBeReturnedIfConditionIsMetAndTimeoutIsNotOver" classname="tests.waitings.WaitForTests" time="0"/>
  <testcase name="testTrueShouldBeReturnedIfConditionIsMetAndTimeoutIsNotOver" classname="tests.waitings.WaitForTests" time="0"/>
  <testcase name="testTrueShouldBeReturnedIfConditionIsMetAndTimeoutIsNotOver" classname="tests.waitings.WaitForTests" time="0"/>
  <testcase name="testTrueShouldBeReturnedIfConditionIsMetAndTimeoutIsNotOver" classname="tests.waitings.WaitForTests" time="0.001"/>
  <testcase name="testTrueShouldBeReturnedIfConditionIsMetAndTimeoutIsNotOver" classname="tests.waitings.WaitForTests" time="0"/>
  <testcase name="testTrueShouldBeReturnedIfConditionIsMetAndTimeoutIsNotOver" classname="tests.waitings.WaitForTests" time="0"/>
  <testcase name="testTrueShouldBeReturnedIfConditionIsMetAndTimeoutIsNotOver" classname="tests.waitings.WaitForTests" time="0"/>
  <testcase name="testShouldIgnoreExceptionWaitingWithCustomTimeout" classname="tests.waitings.WaitForTests" time="0.135"/>
  <testcase name="testShouldIgnoreExceptionWaitingWithCustomTimeoutAndException" classname="tests.waitings.WaitForTests" time="0.136"/>
  <testcase name="testShouldIgnoreExceptionForWaitingWithDefaultTimeout" classname="tests.waitings.WaitForTests" time="0.281"/>
  <testcase name="testShouldIgnoreExceptionForWaitingWithoutCustomParameters" classname="tests.waitings.WaitForTests" time="0.293"/>
  <testcase name="testFalseShouldBeReturnedIfConditionIsNotMetAndTimeoutIsOver" classname="tests.waitings.WaitForTests" time="30.035"/>
  <testcase name="testFalseShouldBeReturnedIfConditionIsNotMetAndTimeoutIsOver" classname="tests.waitings.WaitForTests" time="30.048"/>
  <testcase name="testFalseShouldBeReturnedIfConditionIsNotMetAndTimeoutIsOver" classname="tests.waitings.WaitForTests" time="30.07"/>
  <testcase name="testFalseShouldBeReturnedIfConditionIsNotMetAndTimeoutIsOver" classname="tests.waitings.WaitForTests" time="30.058"/>
  <testcase name="testFalseShouldBeReturnedIfConditionIsNotMetAndTimeoutIsOver" classname="tests.waitings.WaitForTests" time="10.087"/>
  <testcase name="testFalseShouldBeReturnedIfConditionIsNotMetAndTimeoutIsOver" classname="tests.waitings.WaitForTests" time="10.085"/>
  <testcase name="testFalseShouldBeReturnedIfConditionIsNotMetAndTimeoutIsOver" classname="tests.waitings.WaitForTests" time="10.084"/>
  <testcase name="testFalseShouldBeReturnedIfConditionIsNotMetAndTimeoutIsOver" classname="tests.waitings.WaitForTests" time="10.087"/>
</testsuite>