<?xml version="1.0" encoding="UTF-8"?>
<testsuite xmlns:xsi="http://www.w3.org/2001/XMLSchema-instance" xsi:noNamespaceSchemaLocation="https://maven.apache.org/surefire/maven-surefire-plugin/xsd/surefire-test-report.xsd" name="JustTest" time="0.05" tests="10" errors="0" skipped="0" failures="3">
  <properties>
[...]
</properties>
  <testcase name="passedMethod1[0]" classname="JustTest" time="0.004"/>
  <testcase name="passedMethod2[0]" classname="JustTest" time="0"/>
  <testcase name="passedMethod3[0]" classname="JustTest" time="0"/>
  <testcase name="failedMethod1[0]" classname="JustTest" time="0"/>
  <testcase name="failedMethod2[0]" classname="JustTest" time="0.004">
    <failure message="Failed" type="java.lang.AssertionError">java.lang.AssertionError: Failed
	at JustTest.failedMethod2(JustTest.java:31)
</failure>
  </testcase>
  <testcase name="passedMethod1[1]" classname="JustTest" time="0"/>
  <testcase name="passedMethod2[1]" classname="JustTest" time="0"/>
  <testcase name="passedMethod3[1]" classname="JustTest" time="0"/>
  <testcase name="failedMethod1[1]" classname="JustTest" time="0.001">
    <failure message="Should be true" type="java.lang.AssertionError">java.lang.AssertionError: Should be true
	at JustTest.failedMethod1(JustTest.java:20)
</failure>
  </testcase>
  <testcase name="failedMethod2[1]" classname="JustTest" time="0">
    <failure message="Failed" type="java.lang.AssertionError">java.lang.AssertionError: Failed
	at JustTest.failedMethod2(JustTest.java:31)
</failure>
  </testcase>
</testsuite>