<?xml version="1.0" encoding="UTF-8"?>
<testsuite xmlns:xsi="http://www.w3.org/2001/XMLSchema-instance" xsi:noNamespaceSchemaLocation="https://maven.apache.org/surefire/maven-surefire-plugin/xsd/surefire-test-report.xsd" name="JustTest" time="0.05" tests="10" errors="0" skipped="0" failures="3">
  <properties>
    <property name="sun.desktop" value="windows"/>
    <property name="awt.toolkit" value="sun.awt.windows.WToolkit"/>
    <property name="java.specification.version" value="11"/>
    <property name="sun.cpu.isalist" value="amd64"/>
    <property name="sun.jnu.encoding" value="Cp1251"/>
    <property name="java.class.path" value="D:\framework\test\junit\target\test-classes;D:\framework\test\junit\target\classes;C:\Users\testuser\.m2\repository\junit\junit\4.13\junit-4.13.jar;C:\Users\testuser\.m2\repository\org\hamcrest\hamcrest-core\1.3\hamcrest-core-1.3.jar;"/>
    <property name="java.vm.vendor" value="Oracle Corporation"/>
    <property name="sun.arch.data.model" value="64"/>
    <property name="user.variant" value=""/>
    <property name="java.vendor.url" value="http://java.oracle.com/"/>
    <property name="user.timezone" value="Europe/Minsk"/>
    <property name="user.country.format" value="RU"/>
    <property name="java.vm.specification.version" value="11"/>
    <property name="os.name" value="Windows 10"/>
    <property name="sun.java.launcher" value="SUN_STANDARD"/>
    <property name="user.country" value="US"/>
    <property name="sun.boot.library.path" value="C:\Program Files\Java\jdk-11.0.5\bin"/>
    <property name="sun.java.command" value="C:\Users\SEF77~1.KNY\AppData\Local\Temp\surefire6616453461954930370\surefirebooter15407758197821708065.jar C:\Users\testuser\AppData\Local\Temp\surefire6616453461954930370 2020-03-13T11-58-25_919-jvmRun1 surefire9956297467268175457tmp surefire_0580487117075344791tmp"/>
    <property name="jdk.debug" value="release"/>
    <property name="surefire.test.class.path" value="D:\framework\test\junit\target\test-classes;D:\framework\test\junit\target\classes;C:\Users\testuser\.m2\repository\junit\junit\4.13\junit-4.13.jar;C:\Users\testuser\.m2\repository\org\hamcrest\hamcrest-core\1.3\hamcrest-core-1.3.jar;"/>
    <property name="sun.cpu.endian" value="little"/>
    <property name="user.home" value="C:\Users\testuser"/>
    <property name="user.language" value="en"/>
    <property name="java.specification.vendor" value="Oracle Corporation"/>
    <property name="java.version.date" value="2019-10-15"/>
    <property name="java.home" value="C:\Program Files\Java\jdk-11.0.5"/>
    <property name="file.separator" value="\"/>
    <property name="basedir" value="D:\framework\test\junit"/>
    <property name="java.vm.compressedOopsMode" value="Zero based"/>
    <property name="line.separator" value="&#10;"/>
    <property name="java.specification.name" value="Java Platform API Specification"/>
    <property name="java.vm.specification.vendor" value="Oracle Corporation"/>
    <property name="java.awt.graphicsenv" value="sun.awt.Win32GraphicsEnvironment"/>
    <property name="surefire.real.class.path" value="C:\Users\SEF77~1.KNY\AppData\Local\Temp\surefire6616453461954930370\surefirebooter15407758197821708065.jar"/>
    <property name="user.script" value=""/>
    <property name="sun.management.compiler" value="HotSpot 64-Bit Tiered Compilers"/>
    <property name="java.runtime.version" value="11.0.5+10-LTS"/>
    <property name="user.name" value="testuser"/>
    <property name="path.separator" value=";"/>
    <property name="os.version" value="10.0"/>
    <property name="java.runtime.name" value="Java(TM) SE Runtime Environment"/>
    <property name="file.encoding" value="Cp1251"/>
    <property name="java.vm.name" value="Java HotSpot(TM) 64-Bit Server VM"/>
    <property name="java.vendor.version" value="18.9"/>
    <property name="localRepository" value="C:\Users\testuser\.m2\repository"/>
    <property name="java.vendor.url.bug" value="http://bugreport.java.com/bugreport/"/>
    <property name="java.io.tmpdir" value="C:\Users\SEF77~1.KNY\AppData\Local\Temp\"/>
    <property name="java.version" value="11.0.5"/>
    <property name="user.dir" value="D:\framework\test\junit"/>
    <property name="os.arch" value="amd64"/>
    <property name="java.vm.specification.name" value="Java Virtual Machine Specification"/>
    <property name="java.awt.printerjob" value="sun.awt.windows.WPrinterJob"/>
    <property name="user.language.format" value="ru"/>
    <property name="sun.os.patch.level" value=""/>
    <property name="java.library.path" value="C:\Program Files\Java\jdk-11.0.5\bin;C:\WINDOWS\Sun\Java\bin;C:\WINDOWS\system32;C:\WINDOWS;C:\Program Files (x86)\Common Files\Oracle\Java\javapath;C:\WINDOWS\system32;C:\WINDOWS;C:\WINDOWS\System32\Wbem;C:\WINDOWS\System32\WindowsPowerShell\v1.0\;C:\WINDOWS\System32\OpenSSH\;C:\Program Files\dotnet\;C:\Program Files\Microsoft SQL Server\130\Tools\Binn\;D:\Program files\php7.3;D:\Program files\php7.3\ext;C:\ProgramData\ComposerSetup\bin;D:\gforce\Sikuli;C:\Program Files\TortoiseSVN\bin;C:\Program Files (x86)\NUnit.org\nunit-console;C:\Program Files\JetBrains\IntelliJ IDEA Community Edition 2018.3.4\plugins\maven\lib\maven3\bin;D:\Program files\allure-commandline-2.10.0\allure-2.10.0\bin;C:\Program Files\PuTTY\;C:\Program Files (x86)\Microsoft Visual Studio\2017\Community\Common7\IDE\Extensions\TestPlatform;C:\Program Files\Microsoft SQL Server\Client SDK\ODBC\170\Tools\Binn\;C:\Program Files (x86)\IncrediBuild;C:\Program Files\Git\cmd;C:\Program Files (x86)\Microsoft Visual Studio\2019\Community\Common7\IDE;C:\Program Files\nodejs\node.exe;C:\Program Files\nodejs\;C:\Program Files\Java\jdk-11.0.5\bin;C:\Program Files (x86)\NuGet;C:\Gradle\gradle-6.1.1\bin;D:\Program files\tomcat\bin;;C:\Program Files\Docker\Docker\resources\bin;C:\ProgramData\DockerDesktop\version-bin;C:\Users\testuser\AppData\Local\Programs\Python\Python37\Scripts\;C:\Users\testuser\AppData\Local\Programs\Python\Python37\;C:\Users\testuser\AppData\Local\Microsoft\WindowsApps;;C:\Program Files\JetBrains\IntelliJ IDEA Community Edition 2018.3.4\bin;;C:\Program Files\JetBrains\PyCharm Community Edition 2018.3.4\bin;;C:\Program Files\JetBrains\PhpStorm 2018.3.4\bin;;C:\Users\testuser\AppData\Roaming\Composer\vendor\bin;C:\Users\testuser\.dotnet\tools;C:\Users\testuser\AppData\Roaming\npm;C:\Users\testuser\AppData\Local\Programs\Microsoft VS Code\bin;C:\Users\testuser\AppData\Local\Programs\Fiddler;."/>
    <property name="java.vendor" value="Oracle Corporation"/>
    <property name="java.vm.info" value="mixed mode"/>
    <property name="java.vm.version" value="11.0.5+10-LTS"/>
    <property name="sun.io.unicode.encoding" value="UnicodeLittle"/>
    <property name="java.class.version" value="55.0"/>
  </properties>
  <testcase name="passedMethod1[0]" classname="JustTest" time="0.004"/>
  <testcase name="passedMethod2[0]" classname="JustTest" time="0"/>
  <testcase name="passedMethod3[0]" classname="JustTest" time="0"/>
  <testcase name="failedMethod1[0]" classname="JustTest" time="0"/>
  <testcase name="failedMethod2[0]" classname="JustTest" time="0.004">
    <failure message="Failed" type="java.lang.AssertionError">java.lang.AssertionError: Failed
	at JustTest.failedMethod2(JustTest.java:31)
</failure>
  </testcase>
  <testcase name="passedMethod1[1]" classname="JustTest" time="0"/>
  <testcase name="passedMethod2[1]" classname="JustTest" time="0"/>
  <testcase name="passedMethod3[1]" classname="JustTest" time="0"/>
  <testcase name="failedMethod1[1]" classname="JustTest" time="0.001">
    <failure message="Should be true" type="java.lang.AssertionError">java.lang.AssertionError: Should be true
	at JustTest.failedMethod1(JustTest.java:20)
</failure>
  </testcase>
  <testcase name="failedMethod2[1]" classname="JustTest" time="0">
    <failure message="Failed" type="java.lang.AssertionError">java.lang.AssertionError: Failed
	at JustTest.failedMethod2(JustTest.java:31)
</failure>
  </testcase>
</testsuite>